This is pdfTeX, Version 3.14159265-2.6-1.40.18 (TeX Live 2017) (preloaded format=pdflatex 2018.1.22)  15 FEB 2018 20:23
entering extended mode
 restricted \write18 enabled.
 file:line:error style messages enabled.
 %&-line parsing enabled.
**Assignment2.tex
(./Assignment2.tex
LaTeX2e <2017-04-15>
Babel <3.10> and hyphenation patterns for 84 language(s) loaded.
(/usr/local/texlive/2017/texmf-dist/tex/latex/base/article.cls
Document Class: article 2014/09/29 v1.4h Standard LaTeX document class
(/usr/local/texlive/2017/texmf-dist/tex/latex/base/size10.clo
File: size10.clo 2014/09/29 v1.4h Standard LaTeX file (size option)
)
\c@part=\count79
\c@section=\count80
\c@subsection=\count81
\c@subsubsection=\count82
\c@paragraph=\count83
\c@subparagraph=\count84
\c@figure=\count85
\c@table=\count86
\abovecaptionskip=\skip41
\belowcaptionskip=\skip42
\bibindent=\dimen102
)
(/usr/local/texlive/2017/texmf-dist/tex/latex/fancyhdr/fancyhdr.sty
Package: fancyhdr 2016/09/06 3.8 Extensive control of page headers and footers
\fancy@headwidth=\skip43
\f@ncyO@elh=\skip44
\f@ncyO@erh=\skip45
\f@ncyO@olh=\skip46
\f@ncyO@orh=\skip47
\f@ncyO@elf=\skip48
\f@ncyO@erf=\skip49
\f@ncyO@olf=\skip50
\f@ncyO@orf=\skip51
)
(/usr/local/texlive/2017/texmf-dist/tex/latex/lastpage/lastpage.sty
Package: lastpage 2015/03/29 v1.2m Refers to last page's name (HMM; JPG)
)
(/usr/local/texlive/2017/texmf-dist/tex/latex/fancyhdr/extramarks.sty
Package: extramarks 2016/08/27 2.1 Extra marks
\@temptokenb=\toks14
)
(/usr/local/texlive/2017/texmf-dist/tex/latex/graphics/color.sty
Package: color 2016/07/10 v1.1e Standard LaTeX Color (DPC)

(/usr/local/texlive/2017/texmf-dist/tex/latex/graphics-cfg/color.cfg
File: color.cfg 2016/01/02 v1.6 sample color configuration
)
Package color Info: Driver file: pdftex.def on input line 147.

(/usr/local/texlive/2017/texmf-dist/tex/latex/graphics-def/pdftex.def
File: pdftex.def 2017/01/12 v0.06k Graphics/color for pdfTeX

(/usr/local/texlive/2017/texmf-dist/tex/generic/oberdiek/infwarerr.sty
Package: infwarerr 2016/05/16 v1.4 Providing info/warning/error messages (HO)
)
(/usr/local/texlive/2017/texmf-dist/tex/generic/oberdiek/ltxcmds.sty
Package: ltxcmds 2016/05/16 v1.23 LaTeX kernel commands for general use (HO)
)
\Gread@gobject=\count87
)
(/usr/local/texlive/2017/texmf-dist/tex/latex/graphics/dvipsnam.def
File: dvipsnam.def 2016/06/17 v3.0m Driver-dependent file (DPC,SPQR)
))
(/usr/local/texlive/2017/texmf-dist/tex/latex/graphics/graphicx.sty
Package: graphicx 2014/10/28 v1.0g Enhanced LaTeX Graphics (DPC,SPQR)

(/usr/local/texlive/2017/texmf-dist/tex/latex/graphics/keyval.sty
Package: keyval 2014/10/28 v1.15 key=value parser (DPC)
\KV@toks@=\toks15
)
(/usr/local/texlive/2017/texmf-dist/tex/latex/graphics/graphics.sty
Package: graphics 2017/04/14 v1.1b Standard LaTeX Graphics (DPC,SPQR)

(/usr/local/texlive/2017/texmf-dist/tex/latex/graphics/trig.sty
Package: trig 2016/01/03 v1.10 sin cos tan (DPC)
)
(/usr/local/texlive/2017/texmf-dist/tex/latex/graphics-cfg/graphics.cfg
File: graphics.cfg 2016/06/04 v1.11 sample graphics configuration
)
Package graphics Info: Driver file: pdftex.def on input line 99.
)
\Gin@req@height=\dimen103
\Gin@req@width=\dimen104
)
(/usr/local/texlive/2017/texmf-dist/tex/latex/listings/listings.sty
\lst@mode=\count88
\lst@gtempboxa=\box26
\lst@token=\toks16
\lst@length=\count89
\lst@currlwidth=\dimen105
\lst@column=\count90
\lst@pos=\count91
\lst@lostspace=\dimen106
\lst@width=\dimen107
\lst@newlines=\count92
\lst@lineno=\count93
\lst@maxwidth=\dimen108

(/usr/local/texlive/2017/texmf-dist/tex/latex/listings/lstmisc.sty
File: lstmisc.sty 2015/06/04 1.6 (Carsten Heinz)
\c@lstnumber=\count94
\lst@skipnumbers=\count95
\lst@framebox=\box27
)
(/usr/local/texlive/2017/texmf-dist/tex/latex/listings/listings.cfg
File: listings.cfg 2015/06/04 1.6 listings configuration
))
Package: listings 2015/06/04 1.6 (Carsten Heinz)

(/usr/local/texlive/2017/texmf-dist/tex/latex/psnfss/courier.sty
Package: courier 2005/04/12 PSNFSS-v9.2a (WaS) 
)
(/usr/local/texlive/2017/texmf-dist/tex/latex/lipsum/lipsum.sty
Package: lipsum 2014/07/27 v1.3 150 paragraphs of Lorem Ipsum dummy text
\c@lips@count=\count96
)
(/usr/local/texlive/2017/texmf-dist/tex/latex/setspace/setspace.sty
Package: setspace 2011/12/19 v6.7a set line spacing
)
(/usr/local/texlive/2017/texmf-dist/tex/latex/comment/comment.sty
\CommentStream=\write3

Excluding comment 'comment')
(/usr/local/texlive/2017/texmf-dist/tex/latex/caption/caption.sty
Package: caption 2016/02/21 v3.3-144 Customizing captions (AR)

(/usr/local/texlive/2017/texmf-dist/tex/latex/caption/caption3.sty
Package: caption3 2016/05/22 v1.7-166 caption3 kernel (AR)
Package caption3 Info: TeX engine: e-TeX on input line 67.
\captionmargin=\dimen109
\captionmargin@=\dimen110
\captionwidth=\dimen111
\caption@tempdima=\dimen112
\caption@indent=\dimen113
\caption@parindent=\dimen114
\caption@hangindent=\dimen115
)
\c@ContinuedFloat=\count97
Package caption Info: listings package is loaded.
)
(/usr/local/texlive/2017/texmf-dist/tex/latex/base/fontenc.sty
Package: fontenc 2017/04/05 v2.0i Standard LaTeX package

(/usr/local/texlive/2017/texmf-dist/tex/latex/base/t1enc.def
File: t1enc.def 2017/04/05 v2.0i Standard LaTeX file
LaTeX Font Info:    Redeclaring font encoding T1 on input line 48.
))
(/usr/local/texlive/2017/texmf-dist/tex/latex/hyperref/hyperref.sty
Package: hyperref 2017/03/14 v6.85a Hypertext links for LaTeX

(/usr/local/texlive/2017/texmf-dist/tex/generic/oberdiek/hobsub-hyperref.sty
Package: hobsub-hyperref 2016/05/16 v1.14 Bundle oberdiek, subset hyperref (HO)


(/usr/local/texlive/2017/texmf-dist/tex/generic/oberdiek/hobsub-generic.sty
Package: hobsub-generic 2016/05/16 v1.14 Bundle oberdiek, subset generic (HO)
Package: hobsub 2016/05/16 v1.14 Construct package bundles (HO)
Package hobsub Info: Skipping package `infwarerr' (already loaded).
Package hobsub Info: Skipping package `ltxcmds' (already loaded).
Package: ifluatex 2016/05/16 v1.4 Provides the ifluatex switch (HO)
Package ifluatex Info: LuaTeX not detected.
Package: ifvtex 2016/05/16 v1.6 Detect VTeX and its facilities (HO)
Package ifvtex Info: VTeX not detected.
Package: intcalc 2016/05/16 v1.2 Expandable calculations with integers (HO)
Package: ifpdf 2017/03/15 v3.2 Provides the ifpdf switch
Package: etexcmds 2016/05/16 v1.6 Avoid name clashes with e-TeX commands (HO)
Package etexcmds Info: Could not find \expanded.
(etexcmds)             That can mean that you are not using pdfTeX 1.50 or
(etexcmds)             that some package has redefined \expanded.
(etexcmds)             In the latter case, load this package earlier.
Package: kvsetkeys 2016/05/16 v1.17 Key value parser (HO)
Package: kvdefinekeys 2016/05/16 v1.4 Define keys (HO)
Package: pdftexcmds 2017/03/19 v0.25 Utility functions of pdfTeX for LuaTeX (HO
)
Package pdftexcmds Info: LuaTeX not detected.
Package pdftexcmds Info: \pdf@primitive is available.
Package pdftexcmds Info: \pdf@ifprimitive is available.
Package pdftexcmds Info: \pdfdraftmode found.
Package: pdfescape 2016/05/16 v1.14 Implements pdfTeX's escape features (HO)
Package: bigintcalc 2016/05/16 v1.4 Expandable calculations on big integers (HO
)
Package: bitset 2016/05/16 v1.2 Handle bit-vector datatype (HO)
Package: uniquecounter 2016/05/16 v1.3 Provide unlimited unique counter (HO)
)
Package hobsub Info: Skipping package `hobsub' (already loaded).
Package: letltxmacro 2016/05/16 v1.5 Let assignment for LaTeX macros (HO)
Package: hopatch 2016/05/16 v1.3 Wrapper for package hooks (HO)
Package: xcolor-patch 2016/05/16 xcolor patch
Package: atveryend 2016/05/16 v1.9 Hooks at the very end of document (HO)
Package atveryend Info: \enddocument detected (standard20110627).
Package: atbegshi 2016/06/09 v1.18 At begin shipout hook (HO)
Package: refcount 2016/05/16 v3.5 Data extraction from label references (HO)
Package: hycolor 2016/05/16 v1.8 Color options for hyperref/bookmark (HO)
)
(/usr/local/texlive/2017/texmf-dist/tex/generic/ifxetex/ifxetex.sty
Package: ifxetex 2010/09/12 v0.6 Provides ifxetex conditional
)
(/usr/local/texlive/2017/texmf-dist/tex/latex/oberdiek/auxhook.sty
Package: auxhook 2016/05/16 v1.4 Hooks for auxiliary files (HO)
)
(/usr/local/texlive/2017/texmf-dist/tex/latex/oberdiek/kvoptions.sty
Package: kvoptions 2016/05/16 v3.12 Key value format for package options (HO)
)
\@linkdim=\dimen116
\Hy@linkcounter=\count98
\Hy@pagecounter=\count99

(/usr/local/texlive/2017/texmf-dist/tex/latex/hyperref/pd1enc.def
File: pd1enc.def 2017/03/14 v6.85a Hyperref: PDFDocEncoding definition (HO)
)
\Hy@SavedSpaceFactor=\count100

(/usr/local/texlive/2017/texmf-dist/tex/latex/latexconfig/hyperref.cfg
File: hyperref.cfg 2002/06/06 v1.2 hyperref configuration of TeXLive
)
Package hyperref Info: Hyper figures OFF on input line 4498.
Package hyperref Info: Link nesting OFF on input line 4503.
Package hyperref Info: Hyper index ON on input line 4506.
Package hyperref Info: Plain pages OFF on input line 4513.
Package hyperref Info: Backreferencing OFF on input line 4518.
Package hyperref Info: Implicit mode ON; LaTeX internals redefined.
Package hyperref Info: Bookmarks ON on input line 4751.
\c@Hy@tempcnt=\count101

(/usr/local/texlive/2017/texmf-dist/tex/latex/url/url.sty
\Urlmuskip=\muskip10
Package: url 2013/09/16  ver 3.4  Verb mode for urls, etc.
)
LaTeX Info: Redefining \url on input line 5104.
\XeTeXLinkMargin=\dimen117
\Fld@menulength=\count102
\Field@Width=\dimen118
\Fld@charsize=\dimen119
Package hyperref Info: Hyper figures OFF on input line 6358.
Package hyperref Info: Link nesting OFF on input line 6363.
Package hyperref Info: Hyper index ON on input line 6366.
Package hyperref Info: backreferencing OFF on input line 6373.
Package hyperref Info: Link coloring OFF on input line 6378.
Package hyperref Info: Link coloring with OCG OFF on input line 6383.
Package hyperref Info: PDF/A mode OFF on input line 6388.
LaTeX Info: Redefining \ref on input line 6428.
LaTeX Info: Redefining \pageref on input line 6432.
\Hy@abspage=\count103
\c@Item=\count104
\c@Hfootnote=\count105
)

Package hyperref Message: Driver (autodetected): hpdftex.

(/usr/local/texlive/2017/texmf-dist/tex/latex/hyperref/hpdftex.def
File: hpdftex.def 2017/03/14 v6.85a Hyperref driver for pdfTeX
\Fld@listcount=\count106
\c@bookmark@seq@number=\count107

(/usr/local/texlive/2017/texmf-dist/tex/latex/oberdiek/rerunfilecheck.sty
Package: rerunfilecheck 2016/05/16 v1.8 Rerun checks for auxiliary files (HO)
Package uniquecounter Info: New unique counter `rerunfilecheck' on input line 2
82.
)
\Hy@SectionHShift=\skip52
)
(/usr/local/texlive/2017/texmf-dist/tex/latex/natbib/natbib.sty
Package: natbib 2010/09/13 8.31b (PWD, AO)
\bibhang=\skip53
\bibsep=\skip54
LaTeX Info: Redefining \cite on input line 694.
\c@NAT@ctr=\count108
)
(/usr/local/texlive/2017/texmf-dist/tex/latex/underscore/underscore.sty
Package: underscore 2006/09/13
LaTeX Info: Redefining \_ on input line 42.
)
(/usr/local/texlive/2017/texmf-dist/tex/latex/subfigure/subfigure.sty
Package: subfigure 2002/03/15 v2.1.5 subfigure package
\subfigtopskip=\skip55
\subfigcapskip=\skip56
\subfigcaptopadj=\dimen120
\subfigbottomskip=\skip57
\subfigcapmargin=\dimen121
\subfiglabelskip=\skip58
\c@subfigure=\count109
\c@lofdepth=\count110
\c@subtable=\count111
\c@lotdepth=\count112

****************************************
* Local config file subfigure.cfg used *
****************************************
(/usr/local/texlive/2017/texmf-dist/tex/latex/subfigure/subfigure.cfg)
\subfig@top=\skip59
\subfig@bottom=\skip60
)
(/usr/local/texlive/2017/texmf-dist/tex/latex/base/fixltx2e.sty
Package: fixltx2e 2016/12/29 v2.1a fixes to LaTeX (obsolete)
Applying: [2015/01/01] Old fixltx2e package on input line 46.


Package fixltx2e Warning: fixltx2e is not required with releases after 2015
(fixltx2e)                All fixes are now in the LaTeX kernel.
(fixltx2e)                See the latexrelease package for details.

Already applied: [0000/00/00] Old fixltx2e package on input line 53.
)
Package hyperref Info: Option `colorlinks' set `true' on input line 56.
Package hyperref Info: Option `breaklinks' set `true' on input line 56.
 (/usr/local/texlive/2017/texmf-dist/tex/latex/algorithm2e/algorithm2e.sty
Package: algorithm2e 2013/01/06 v5.00 algorithms environments
\c@AlgoLine=\count113

(/usr/local/texlive/2017/texmf-dist/tex/latex/base/ifthen.sty
Package: ifthen 2014/09/29 v1.1c Standard LaTeX ifthen package (DPC)
)
\algocf@hangindent=\skip61

(/usr/local/texlive/2017/texmf-dist/tex/latex/tools/xspace.sty
Package: xspace 2014/10/28 v1.13 Space after command names (DPC,MH)
)
(/usr/local/texlive/2017/texmf-dist/tex/latex/relsize/relsize.sty
Package: relsize 2013/03/29 ver 4.1
)
********************************************************
Package `algorithm2e' Release 5.1 -- october 19 2015 --
- algorithm2e-announce@lirmm.fr mailing list for announcement about releases
- algorithm2e-discussion@lirmm.fr mailing list for discussion about package
subscribe by emailing sympa@lirmm.fr with 'subscribe <list> <firstname name>'
- Author: Christophe Fiorio (christophe.fiorio@umontpellier.fr)
********************************************************
\skiptotal=\skip62
\skiplinenumber=\skip63
\skiprule=\skip64
\skiphlne=\skip65
\skiptext=\skip66
\skiplength=\skip67
\algomargin=\skip68
\skipalgocfslide=\skip69
\algowidth=\dimen122
\inoutsize=\dimen123
\inoutindent=\dimen124
\interspacetitleruled=\dimen125
\interspacealgoruled=\dimen126
\interspacetitleboxruled=\dimen127
\algocf@ruledwidth=\skip70
\algocf@inoutbox=\box28
\algocf@inputbox=\box29
\AlCapSkip=\skip71
\AlCapHSkip=\skip72
\algoskipindent=\skip73
\algocf@nlbox=\box30
\algocf@hangingbox=\box31
\algocf@untilbox=\box32
\algocf@skipuntil=\skip74
\algocf@capbox=\box33
\algoheightruledefault=\skip75
\algoheightrule=\skip76
\algotitleheightruledefault=\skip77
\algotitleheightrule=\skip78
\c@algocfline=\count114
\c@algocfproc=\count115
\c@algocf=\count116
\algocf@algoframe=\box34
\algocf@algobox=\box35
) (/usr/local/texlive/2017/texmf-dist/tex/latex/pdfpages/pdfpages.sty
Package: pdfpages 2017/01/14 v0.5h Insert pages of external PDF documents (AM)

(/usr/local/texlive/2017/texmf-dist/tex/latex/tools/calc.sty
Package: calc 2014/10/28 v4.3 Infix arithmetic (KKT,FJ)
\calc@Acount=\count117
\calc@Bcount=\count118
\calc@Adimen=\dimen128
\calc@Bdimen=\dimen129
\calc@Askip=\skip79
\calc@Bskip=\skip80
LaTeX Info: Redefining \setlength on input line 80.
LaTeX Info: Redefining \addtolength on input line 81.
\calc@Ccount=\count119
\calc@Cskip=\skip81
)
(/usr/local/texlive/2017/texmf-dist/tex/latex/eso-pic/eso-pic.sty
Package: eso-pic 2015/07/21 v2.0g eso-pic (RN)
)
\AM@pagewidth=\dimen130
\AM@pageheight=\dimen131

(/usr/local/texlive/2017/texmf-dist/tex/latex/pdfpages/pppdftex.def
File: pppdftex.def 2017/01/14 v0.5h Pdfpages driver for pdfTeX (AM)
)
\AM@pagebox=\box36
\AM@global@opts=\toks17
\AM@toc@title=\toks18
\c@AM@survey=\count120
\AM@templatesizebox=\box37
)
(/usr/local/texlive/2017/texmf-dist/tex/latex/pgf/frontendlayer/tikz.sty
(/usr/local/texlive/2017/texmf-dist/tex/latex/pgf/basiclayer/pgf.sty
(/usr/local/texlive/2017/texmf-dist/tex/latex/pgf/utilities/pgfrcs.sty
(/usr/local/texlive/2017/texmf-dist/tex/generic/pgf/utilities/pgfutil-common.te
x
\pgfutil@everybye=\toks19
\pgfutil@tempdima=\dimen132
\pgfutil@tempdimb=\dimen133

(/usr/local/texlive/2017/texmf-dist/tex/generic/pgf/utilities/pgfutil-common-li
sts.tex))
(/usr/local/texlive/2017/texmf-dist/tex/generic/pgf/utilities/pgfutil-latex.def
\pgfutil@abb=\box38
(/usr/local/texlive/2017/texmf-dist/tex/latex/ms/everyshi.sty
Package: everyshi 2001/05/15 v3.00 EveryShipout Package (MS)
))
(/usr/local/texlive/2017/texmf-dist/tex/generic/pgf/utilities/pgfrcs.code.tex
Package: pgfrcs 2015/08/07 v3.0.1a (rcs-revision 1.31)
))
Package: pgf 2015/08/07 v3.0.1a (rcs-revision 1.15)
(/usr/local/texlive/2017/texmf-dist/tex/latex/pgf/basiclayer/pgfcore.sty
(/usr/local/texlive/2017/texmf-dist/tex/latex/pgf/systemlayer/pgfsys.sty
(/usr/local/texlive/2017/texmf-dist/tex/generic/pgf/systemlayer/pgfsys.code.tex
Package: pgfsys 2014/07/09 v3.0.1a (rcs-revision 1.48)
(/usr/local/texlive/2017/texmf-dist/tex/generic/pgf/utilities/pgfkeys.code.tex
\pgfkeys@pathtoks=\toks20
\pgfkeys@temptoks=\toks21

(/usr/local/texlive/2017/texmf-dist/tex/generic/pgf/utilities/pgfkeysfiltered.c
ode.tex
\pgfkeys@tmptoks=\toks22
))
\pgf@x=\dimen134
\pgf@y=\dimen135
\pgf@xa=\dimen136
\pgf@ya=\dimen137
\pgf@xb=\dimen138
\pgf@yb=\dimen139
\pgf@xc=\dimen140
\pgf@yc=\dimen141
\w@pgf@writea=\write4
\r@pgf@reada=\read1
\c@pgf@counta=\count121
\c@pgf@countb=\count122
\c@pgf@countc=\count123
\c@pgf@countd=\count124
\t@pgf@toka=\toks23
\t@pgf@tokb=\toks24
\t@pgf@tokc=\toks25

(/usr/local/texlive/2017/texmf-dist/tex/generic/pgf/systemlayer/pgf.cfg
File: pgf.cfg 2008/05/14  (rcs-revision 1.7)
)
Driver file for pgf: pgfsys-pdftex.def

(/usr/local/texlive/2017/texmf-dist/tex/generic/pgf/systemlayer/pgfsys-pdftex.d
ef
File: pgfsys-pdftex.def 2014/10/11  (rcs-revision 1.35)

(/usr/local/texlive/2017/texmf-dist/tex/generic/pgf/systemlayer/pgfsys-common-p
df.def
File: pgfsys-common-pdf.def 2013/10/10  (rcs-revision 1.13)
)))
(/usr/local/texlive/2017/texmf-dist/tex/generic/pgf/systemlayer/pgfsyssoftpath.
code.tex
File: pgfsyssoftpath.code.tex 2013/09/09  (rcs-revision 1.9)
\pgfsyssoftpath@smallbuffer@items=\count125
\pgfsyssoftpath@bigbuffer@items=\count126
)
(/usr/local/texlive/2017/texmf-dist/tex/generic/pgf/systemlayer/pgfsysprotocol.
code.tex
File: pgfsysprotocol.code.tex 2006/10/16  (rcs-revision 1.4)
)) (/usr/local/texlive/2017/texmf-dist/tex/latex/xcolor/xcolor.sty
Package: xcolor 2016/05/11 v2.12 LaTeX color extensions (UK)

(/usr/local/texlive/2017/texmf-dist/tex/latex/graphics-cfg/color.cfg
File: color.cfg 2016/01/02 v1.6 sample color configuration
)
Package xcolor Info: Driver file: pdftex.def on input line 225.
LaTeX Info: Redefining \color on input line 709.
Package xcolor Info: Model `cmy' substituted by `cmy0' on input line 1348.
Package xcolor Info: Model `hsb' substituted by `rgb' on input line 1352.
Package xcolor Info: Model `RGB' extended on input line 1364.
Package xcolor Info: Model `HTML' substituted by `rgb' on input line 1366.
Package xcolor Info: Model `Hsb' substituted by `hsb' on input line 1367.
Package xcolor Info: Model `tHsb' substituted by `hsb' on input line 1368.
Package xcolor Info: Model `HSB' substituted by `hsb' on input line 1369.
Package xcolor Info: Model `Gray' substituted by `gray' on input line 1370.
Package xcolor Info: Model `wave' substituted by `hsb' on input line 1371.
)
(/usr/local/texlive/2017/texmf-dist/tex/generic/pgf/basiclayer/pgfcore.code.tex
Package: pgfcore 2010/04/11 v3.0.1a (rcs-revision 1.7)
(/usr/local/texlive/2017/texmf-dist/tex/generic/pgf/math/pgfmath.code.tex
(/usr/local/texlive/2017/texmf-dist/tex/generic/pgf/math/pgfmathcalc.code.tex
(/usr/local/texlive/2017/texmf-dist/tex/generic/pgf/math/pgfmathutil.code.tex)
(/usr/local/texlive/2017/texmf-dist/tex/generic/pgf/math/pgfmathparser.code.tex
\pgfmath@dimen=\dimen142
\pgfmath@count=\count127
\pgfmath@box=\box39
\pgfmath@toks=\toks26
\pgfmath@stack@operand=\toks27
\pgfmath@stack@operation=\toks28
)
(/usr/local/texlive/2017/texmf-dist/tex/generic/pgf/math/pgfmathfunctions.code.
tex
(/usr/local/texlive/2017/texmf-dist/tex/generic/pgf/math/pgfmathfunctions.basic
.code.tex)
(/usr/local/texlive/2017/texmf-dist/tex/generic/pgf/math/pgfmathfunctions.trigo
nometric.code.tex)
(/usr/local/texlive/2017/texmf-dist/tex/generic/pgf/math/pgfmathfunctions.rando
m.code.tex)
(/usr/local/texlive/2017/texmf-dist/tex/generic/pgf/math/pgfmathfunctions.compa
rison.code.tex)
(/usr/local/texlive/2017/texmf-dist/tex/generic/pgf/math/pgfmathfunctions.base.
code.tex)
(/usr/local/texlive/2017/texmf-dist/tex/generic/pgf/math/pgfmathfunctions.round
.code.tex)
(/usr/local/texlive/2017/texmf-dist/tex/generic/pgf/math/pgfmathfunctions.misc.
code.tex)
(/usr/local/texlive/2017/texmf-dist/tex/generic/pgf/math/pgfmathfunctions.integ
erarithmetics.code.tex)))
(/usr/local/texlive/2017/texmf-dist/tex/generic/pgf/math/pgfmathfloat.code.tex
\c@pgfmathroundto@lastzeros=\count128
))
(/usr/local/texlive/2017/texmf-dist/tex/generic/pgf/basiclayer/pgfcorepoints.co
de.tex
File: pgfcorepoints.code.tex 2013/10/07  (rcs-revision 1.27)
\pgf@picminx=\dimen143
\pgf@picmaxx=\dimen144
\pgf@picminy=\dimen145
\pgf@picmaxy=\dimen146
\pgf@pathminx=\dimen147
\pgf@pathmaxx=\dimen148
\pgf@pathminy=\dimen149
\pgf@pathmaxy=\dimen150
\pgf@xx=\dimen151
\pgf@xy=\dimen152
\pgf@yx=\dimen153
\pgf@yy=\dimen154
\pgf@zx=\dimen155
\pgf@zy=\dimen156
)
(/usr/local/texlive/2017/texmf-dist/tex/generic/pgf/basiclayer/pgfcorepathconst
ruct.code.tex
File: pgfcorepathconstruct.code.tex 2013/10/07  (rcs-revision 1.29)
\pgf@path@lastx=\dimen157
\pgf@path@lasty=\dimen158
)
(/usr/local/texlive/2017/texmf-dist/tex/generic/pgf/basiclayer/pgfcorepathusage
.code.tex
File: pgfcorepathusage.code.tex 2014/11/02  (rcs-revision 1.24)
\pgf@shorten@end@additional=\dimen159
\pgf@shorten@start@additional=\dimen160
)
(/usr/local/texlive/2017/texmf-dist/tex/generic/pgf/basiclayer/pgfcorescopes.co
de.tex
File: pgfcorescopes.code.tex 2015/05/08  (rcs-revision 1.46)
\pgfpic=\box40
\pgf@hbox=\box41
\pgf@layerbox@main=\box42
\pgf@picture@serial@count=\count129
)
(/usr/local/texlive/2017/texmf-dist/tex/generic/pgf/basiclayer/pgfcoregraphicst
ate.code.tex
File: pgfcoregraphicstate.code.tex 2014/11/02  (rcs-revision 1.12)
\pgflinewidth=\dimen161
)
(/usr/local/texlive/2017/texmf-dist/tex/generic/pgf/basiclayer/pgfcoretransform
ations.code.tex
File: pgfcoretransformations.code.tex 2015/08/07  (rcs-revision 1.20)
\pgf@pt@x=\dimen162
\pgf@pt@y=\dimen163
\pgf@pt@temp=\dimen164
)
(/usr/local/texlive/2017/texmf-dist/tex/generic/pgf/basiclayer/pgfcorequick.cod
e.tex
File: pgfcorequick.code.tex 2008/10/09  (rcs-revision 1.3)
)
(/usr/local/texlive/2017/texmf-dist/tex/generic/pgf/basiclayer/pgfcoreobjects.c
ode.tex
File: pgfcoreobjects.code.tex 2006/10/11  (rcs-revision 1.2)
)
(/usr/local/texlive/2017/texmf-dist/tex/generic/pgf/basiclayer/pgfcorepathproce
ssing.code.tex
File: pgfcorepathprocessing.code.tex 2013/09/09  (rcs-revision 1.9)
)
(/usr/local/texlive/2017/texmf-dist/tex/generic/pgf/basiclayer/pgfcorearrows.co
de.tex
File: pgfcorearrows.code.tex 2015/05/14  (rcs-revision 1.43)
\pgfarrowsep=\dimen165
)
(/usr/local/texlive/2017/texmf-dist/tex/generic/pgf/basiclayer/pgfcoreshade.cod
e.tex
File: pgfcoreshade.code.tex 2013/07/15  (rcs-revision 1.15)
\pgf@max=\dimen166
\pgf@sys@shading@range@num=\count130
)
(/usr/local/texlive/2017/texmf-dist/tex/generic/pgf/basiclayer/pgfcoreimage.cod
e.tex
File: pgfcoreimage.code.tex 2013/07/15  (rcs-revision 1.18)

(/usr/local/texlive/2017/texmf-dist/tex/generic/pgf/basiclayer/pgfcoreexternal.
code.tex
File: pgfcoreexternal.code.tex 2014/07/09  (rcs-revision 1.21)
\pgfexternal@startupbox=\box43
))
(/usr/local/texlive/2017/texmf-dist/tex/generic/pgf/basiclayer/pgfcorelayers.co
de.tex
File: pgfcorelayers.code.tex 2013/07/18  (rcs-revision 1.7)
)
(/usr/local/texlive/2017/texmf-dist/tex/generic/pgf/basiclayer/pgfcoretranspare
ncy.code.tex
File: pgfcoretransparency.code.tex 2013/09/30  (rcs-revision 1.5)
)
(/usr/local/texlive/2017/texmf-dist/tex/generic/pgf/basiclayer/pgfcorepatterns.
code.tex
File: pgfcorepatterns.code.tex 2013/11/07  (rcs-revision 1.5)
)))
(/usr/local/texlive/2017/texmf-dist/tex/generic/pgf/modules/pgfmoduleshapes.cod
e.tex
File: pgfmoduleshapes.code.tex 2014/03/21  (rcs-revision 1.35)
\pgfnodeparttextbox=\box44
)
(/usr/local/texlive/2017/texmf-dist/tex/generic/pgf/modules/pgfmoduleplot.code.
tex
File: pgfmoduleplot.code.tex 2015/08/03  (rcs-revision 1.13)
)
(/usr/local/texlive/2017/texmf-dist/tex/latex/pgf/compatibility/pgfcomp-version
-0-65.sty
Package: pgfcomp-version-0-65 2007/07/03 v3.0.1a (rcs-revision 1.7)
\pgf@nodesepstart=\dimen167
\pgf@nodesepend=\dimen168
)
(/usr/local/texlive/2017/texmf-dist/tex/latex/pgf/compatibility/pgfcomp-version
-1-18.sty
Package: pgfcomp-version-1-18 2007/07/23 v3.0.1a (rcs-revision 1.1)
))
(/usr/local/texlive/2017/texmf-dist/tex/latex/pgf/utilities/pgffor.sty
(/usr/local/texlive/2017/texmf-dist/tex/latex/pgf/utilities/pgfkeys.sty
(/usr/local/texlive/2017/texmf-dist/tex/generic/pgf/utilities/pgfkeys.code.tex)
) (/usr/local/texlive/2017/texmf-dist/tex/latex/pgf/math/pgfmath.sty
(/usr/local/texlive/2017/texmf-dist/tex/generic/pgf/math/pgfmath.code.tex))
(/usr/local/texlive/2017/texmf-dist/tex/generic/pgf/utilities/pgffor.code.tex
Package: pgffor 2013/12/13 v3.0.1a (rcs-revision 1.25)

(/usr/local/texlive/2017/texmf-dist/tex/generic/pgf/math/pgfmath.code.tex)
\pgffor@iter=\dimen169
\pgffor@skip=\dimen170
\pgffor@stack=\toks29
\pgffor@toks=\toks30
))
(/usr/local/texlive/2017/texmf-dist/tex/generic/pgf/frontendlayer/tikz/tikz.cod
e.tex
Package: tikz 2015/08/07 v3.0.1a (rcs-revision 1.151)

(/usr/local/texlive/2017/texmf-dist/tex/generic/pgf/libraries/pgflibraryplothan
dlers.code.tex
File: pgflibraryplothandlers.code.tex 2013/08/31 v3.0.1a (rcs-revision 1.20)
\pgf@plot@mark@count=\count131
\pgfplotmarksize=\dimen171
)
\tikz@lastx=\dimen172
\tikz@lasty=\dimen173
\tikz@lastxsaved=\dimen174
\tikz@lastysaved=\dimen175
\tikzleveldistance=\dimen176
\tikzsiblingdistance=\dimen177
\tikz@figbox=\box45
\tikz@figbox@bg=\box46
\tikz@tempbox=\box47
\tikz@tempbox@bg=\box48
\tikztreelevel=\count132
\tikznumberofchildren=\count133
\tikznumberofcurrentchild=\count134
\tikz@fig@count=\count135

(/usr/local/texlive/2017/texmf-dist/tex/generic/pgf/modules/pgfmodulematrix.cod
e.tex
File: pgfmodulematrix.code.tex 2013/09/17  (rcs-revision 1.8)
\pgfmatrixcurrentrow=\count136
\pgfmatrixcurrentcolumn=\count137
\pgf@matrix@numberofcolumns=\count138
)
\tikz@expandcount=\count139

(/usr/local/texlive/2017/texmf-dist/tex/generic/pgf/frontendlayer/tikz/librarie
s/tikzlibrarytopaths.code.tex
File: tikzlibrarytopaths.code.tex 2008/06/17 v3.0.1a (rcs-revision 1.2)
)))
(/usr/local/texlive/2017/texmf-dist/tex/latex/listings/lstlang1.sty
File: lstlang1.sty 2015/06/04 1.6 listings language file
)
\c@homeworkProblemCounter=\count140

(./Assignment2.aux)
\openout1 = `Assignment2.aux'.

LaTeX Font Info:    Checking defaults for OML/cmm/m/it on input line 218.
LaTeX Font Info:    ... okay on input line 218.
LaTeX Font Info:    Checking defaults for T1/cmr/m/n on input line 218.
LaTeX Font Info:    ... okay on input line 218.
LaTeX Font Info:    Checking defaults for OT1/cmr/m/n on input line 218.
LaTeX Font Info:    ... okay on input line 218.
LaTeX Font Info:    Checking defaults for OMS/cmsy/m/n on input line 218.
LaTeX Font Info:    ... okay on input line 218.
LaTeX Font Info:    Checking defaults for OMX/cmex/m/n on input line 218.
LaTeX Font Info:    ... okay on input line 218.
LaTeX Font Info:    Checking defaults for U/cmr/m/n on input line 218.
LaTeX Font Info:    ... okay on input line 218.
LaTeX Font Info:    Checking defaults for PD1/pdf/m/n on input line 218.
LaTeX Font Info:    ... okay on input line 218.
Package lastpage Info: Please have a look at the pageslts package at
(lastpage)             https://www.ctan.org/pkg/pageslts
(lastpage)             ! on input line 218.

(/usr/local/texlive/2017/texmf-dist/tex/context/base/mkii/supp-pdf.mkii
[Loading MPS to PDF converter (version 2006.09.02).]
\scratchcounter=\count141
\scratchdimen=\dimen178
\scratchbox=\box49
\nofMPsegments=\count142
\nofMParguments=\count143
\everyMPshowfont=\toks31
\MPscratchCnt=\count144
\MPscratchDim=\dimen179
\MPnumerator=\count145
\makeMPintoPDFobject=\count146
\everyMPtoPDFconversion=\toks32
) (/usr/local/texlive/2017/texmf-dist/tex/latex/oberdiek/epstopdf-base.sty
Package: epstopdf-base 2016/05/15 v2.6 Base part for package epstopdf

(/usr/local/texlive/2017/texmf-dist/tex/latex/oberdiek/grfext.sty
Package: grfext 2016/05/16 v1.2 Manage graphics extensions (HO)
)
Package epstopdf-base Info: Redefining graphics rule for `.eps' on input line 4
38.
Package grfext Info: Graphics extension search list:
(grfext)             [.png,.pdf,.jpg,.mps,.jpeg,.jbig2,.jb2,.PNG,.PDF,.JPG,.JPE
G,.JBIG2,.JB2,.eps]
(grfext)             \AppendGraphicsExtensions on input line 456.

(/usr/local/texlive/2017/texmf-dist/tex/latex/latexconfig/epstopdf-sys.cfg
File: epstopdf-sys.cfg 2010/07/13 v1.3 Configuration of (r)epstopdf for TeX Liv
e
))
\c@lstlisting=\count147
Package caption Info: Begin \AtBeginDocument code.
Package caption Info: hyperref package is loaded.
Package caption Info: subfigure package is loaded.
Package caption Info: End \AtBeginDocument code.
\AtBeginShipoutBox=\box50
Package hyperref Info: Link coloring ON on input line 218.

(/usr/local/texlive/2017/texmf-dist/tex/latex/hyperref/nameref.sty
Package: nameref 2016/05/21 v2.44 Cross-referencing by name of section

(/usr/local/texlive/2017/texmf-dist/tex/generic/oberdiek/gettitlestring.sty
Package: gettitlestring 2016/05/16 v1.5 Cleanup title references (HO)
)
\c@section@level=\count148
)
LaTeX Info: Redefining \ref on input line 218.
LaTeX Info: Redefining \pageref on input line 218.
LaTeX Info: Redefining \nameref on input line 218.

(./Assignment2.out) (./Assignment2.out)
\@outlinefile=\write5
\openout5 = `Assignment2.out'.


(/usr/local/texlive/2017/texmf-dist/tex/latex/oberdiek/pdflscape.sty
Package: pdflscape 2016/05/14 v0.11 Display of landscape pages in PDF (HO)

(/usr/local/texlive/2017/texmf-dist/tex/latex/graphics/lscape.sty
Package: lscape 2000/10/22 v3.01 Landscape Pages (DPC)
)
Package pdflscape Info: Auto-detected driver: pdftex on input line 81.
)
ABD: EveryShipout initializing macros
LaTeX Font Info:    External font `cmex10' loaded for size
(Font)              <12> on input line 221.
LaTeX Font Info:    External font `cmex10' loaded for size
(Font)              <8> on input line 221.
LaTeX Font Info:    External font `cmex10' loaded for size
(Font)              <6> on input line 221.
 [1

{/usr/local/texlive/2017/texmf-var/fonts/map/pdftex/updmap/pdftex.map}] (./Assi
gnment2.toc)
\tf@toc=\write6
\openout6 = `Assignment2.toc'.

 [2]
Underfull \hbox (badness 10000) in paragraph at lines 243--245

 []


Underfull \hbox (badness 10000) in paragraph at lines 247--248

 []


Underfull \hbox (badness 10000) in paragraph at lines 251--256

 []


Underfull \hbox (badness 10000) in paragraph at lines 251--256

 []


Underfull \hbox (badness 10000) in paragraph at lines 266--268

 []

(/usr/local/texlive/2017/texmf-dist/tex/latex/listings/lstlang1.sty
File: lstlang1.sty 2015/06/04 1.6 listings language file
)
LaTeX Font Info:    Try loading font information for T1+pcr on input line 269.

(/usr/local/texlive/2017/texmf-dist/tex/latex/psnfss/t1pcr.fd
File: t1pcr.fd 2001/06/04 font definitions for T1/pcr.
)

Package xcolor Warning: Incompatible color definition on input line 271.


Package xcolor Warning: Incompatible color definition on input line 271.


Package xcolor Warning: Incompatible color definition on input line 272.


Package xcolor Warning: Incompatible color definition on input line 272.


Package xcolor Warning: Incompatible color definition on input line 273.


Package xcolor Warning: Incompatible color definition on input line 273.


Package xcolor Warning: Incompatible color definition on input line 274.


Package xcolor Warning: Incompatible color definition on input line 274.


Package xcolor Warning: Incompatible color definition on input line 274.


Package xcolor Warning: Incompatible color definition on input line 275.


Package xcolor Warning: Incompatible color definition on input line 275.


Package xcolor Warning: Incompatible color definition on input line 276.


Package xcolor Warning: Incompatible color definition on input line 277.


Package xcolor Warning: Incompatible color definition on input line 278.


Package xcolor Warning: Incompatible color definition on input line 280.


Package xcolor Warning: Incompatible color definition on input line 280.


Package xcolor Warning: Incompatible color definition on input line 280.


Package xcolor Warning: Incompatible color definition on input line 280.


Package xcolor Warning: Incompatible color definition on input line 281.


Package xcolor Warning: Incompatible color definition on input line 281.


Package xcolor Warning: Incompatible color definition on input line 281.


Package xcolor Warning: Incompatible color definition on input line 282.


Package xcolor Warning: Incompatible color definition on input line 282.


Package xcolor Warning: Incompatible color definition on input line 282.


Package xcolor Warning: Incompatible color definition on input line 282.


Package xcolor Warning: Incompatible color definition on input line 283.


Package xcolor Warning: Incompatible color definition on input line 283.


Package xcolor Warning: Incompatible color definition on input line 283.


Package xcolor Warning: Incompatible color definition on input line 284.


Package xcolor Warning: Incompatible color definition on input line 285.


Package xcolor Warning: Incompatible color definition on input line 286.


Package xcolor Warning: Incompatible color definition on input line 286.


Package xcolor Warning: Incompatible color definition on input line 286.


Package xcolor Warning: Incompatible color definition on input line 286.


Package xcolor Warning: Incompatible color definition on input line 286.


Package xcolor Warning: Incompatible color definition on input line 286.


Package xcolor Warning: Incompatible color definition on input line 286.


Package xcolor Warning: Incompatible color definition on input line 286.


Package xcolor Warning: Incompatible color definition on input line 286.


Package xcolor Warning: Incompatible color definition on input line 286.


Package xcolor Warning: Incompatible color definition on input line 288.


Package xcolor Warning: Incompatible color definition on input line 290.


Package xcolor Warning: Incompatible color definition on input line 290.


Package xcolor Warning: Incompatible color definition on input line 291.


Package xcolor Warning: Incompatible color definition on input line 292.


Package xcolor Warning: Incompatible color definition on input line 293.


Package xcolor Warning: Incompatible color definition on input line 294.


Package xcolor Warning: Incompatible color definition on input line 294.


Package xcolor Warning: Incompatible color definition on input line 296.


Package xcolor Warning: Incompatible color definition on input line 296.


Package xcolor Warning: Incompatible color definition on input line 296.


Package xcolor Warning: Incompatible color definition on input line 296.


Package xcolor Warning: Incompatible color definition on input line 296.


Package xcolor Warning: Incompatible color definition on input line 296.


Package xcolor Warning: Incompatible color definition on input line 297.


Package xcolor Warning: Incompatible color definition on input line 297.


Package xcolor Warning: Incompatible color definition on input line 297.


Package xcolor Warning: Incompatible color definition on input line 297.


Package xcolor Warning: Incompatible color definition on input line 297.


Package xcolor Warning: Incompatible color definition on input line 297.

[3]

Package xcolor Warning: Incompatible color definition on input line 299.


Package xcolor Warning: Incompatible color definition on input line 299.


Package xcolor Warning: Incompatible color definition on input line 299.


Package xcolor Warning: Incompatible color definition on input line 299.


Package xcolor Warning: Incompatible color definition on input line 299.


Package xcolor Warning: Incompatible color definition on input line 299.


Package xcolor Warning: Incompatible color definition on input line 299.


Package xcolor Warning: Incompatible color definition on input line 302.


Package xcolor Warning: Incompatible color definition on input line 302.


Package xcolor Warning: Incompatible color definition on input line 303.


Package xcolor Warning: Incompatible color definition on input line 304.


Package xcolor Warning: Incompatible color definition on input line 304.


Package xcolor Warning: Incompatible color definition on input line 304.


Package xcolor Warning: Incompatible color definition on input line 305.


Package xcolor Warning: Incompatible color definition on input line 306.


Package xcolor Warning: Incompatible color definition on input line 307.


Package xcolor Warning: Incompatible color definition on input line 309.


Package xcolor Warning: Incompatible color definition on input line 311.


Package xcolor Warning: Incompatible color definition on input line 311.


Package xcolor Warning: Incompatible color definition on input line 311.


Package xcolor Warning: Incompatible color definition on input line 311.


Package xcolor Warning: Incompatible color definition on input line 313.


Package xcolor Warning: Incompatible color definition on input line 315.


Package xcolor Warning: Incompatible color definition on input line 315.


Package xcolor Warning: Incompatible color definition on input line 318.


Package xcolor Warning: Incompatible color definition on input line 318.


Package xcolor Warning: Incompatible color definition on input line 319.


Package xcolor Warning: Incompatible color definition on input line 319.


Package xcolor Warning: Incompatible color definition on input line 319.


Package xcolor Warning: Incompatible color definition on input line 321.


Package xcolor Warning: Incompatible color definition on input line 321.


Package xcolor Warning: Incompatible color definition on input line 321.


Package xcolor Warning: Incompatible color definition on input line 321.


Package xcolor Warning: Incompatible color definition on input line 321.


Package xcolor Warning: Incompatible color definition on input line 321.


Package xcolor Warning: Incompatible color definition on input line 321.


Package xcolor Warning: Incompatible color definition on input line 321.


Package xcolor Warning: Incompatible color definition on input line 321.


Package xcolor Warning: Incompatible color definition on input line 321.


Package xcolor Warning: Incompatible color definition on input line 321.


Package xcolor Warning: Incompatible color definition on input line 321.


Package xcolor Warning: Incompatible color definition on input line 322.


Package xcolor Warning: Incompatible color definition on input line 323.


Package xcolor Warning: Incompatible color definition on input line 324.


Package xcolor Warning: Incompatible color definition on input line 324.


Package xcolor Warning: Incompatible color definition on input line 324.


Package xcolor Warning: Incompatible color definition on input line 324.


Package xcolor Warning: Incompatible color definition on input line 327.


Package xcolor Warning: Incompatible color definition on input line 329.


Package xcolor Warning: Incompatible color definition on input line 329.


Package xcolor Warning: Incompatible color definition on input line 331.


Package xcolor Warning: Incompatible color definition on input line 335.


Package xcolor Warning: Incompatible color definition on input line 335.


Package xcolor Warning: Incompatible color definition on input line 336.


Package xcolor Warning: Incompatible color definition on input line 338.


Package xcolor Warning: Incompatible color definition on input line 339.


Package xcolor Warning: Incompatible color definition on input line 339.


Package xcolor Warning: Incompatible color definition on input line 344.


Package xcolor Warning: Incompatible color definition on input line 344.


Package xcolor Warning: Incompatible color definition on input line 346.


Package xcolor Warning: Incompatible color definition on input line 346.


Package xcolor Warning: Incompatible color definition on input line 346.


Package xcolor Warning: Incompatible color definition on input line 346.


Package xcolor Warning: Incompatible color definition on input line 347.


Package xcolor Warning: Incompatible color definition on input line 348.


Package xcolor Warning: Incompatible color definition on input line 348.


Package xcolor Warning: Incompatible color definition on input line 348.


Package xcolor Warning: Incompatible color definition on input line 348.


Package xcolor Warning: Incompatible color definition on input line 350.

[4]

Package xcolor Warning: Incompatible color definition on input line 359.


Package xcolor Warning: Incompatible color definition on input line 364.

[5]
Underfull \hbox (badness 10000) in paragraph at lines 378--380

 []


Underfull \hbox (badness 10000) in paragraph at lines 381--385

 []


Underfull \hbox (badness 10000) in paragraph at lines 386--389

 []


Underfull \hbox (badness 10000) in paragraph at lines 391--393

 []


Package xcolor Warning: Incompatible color definition on input line 403.


Package xcolor Warning: Incompatible color definition on input line 404.


Package xcolor Warning: Incompatible color definition on input line 405.


Package xcolor Warning: Incompatible color definition on input line 407.


Package xcolor Warning: Incompatible color definition on input line 407.


Package xcolor Warning: Incompatible color definition on input line 407.


Package xcolor Warning: Incompatible color definition on input line 407.


Package xcolor Warning: Incompatible color definition on input line 407.


Package xcolor Warning: Incompatible color definition on input line 407.


Package xcolor Warning: Incompatible color definition on input line 407.


Package xcolor Warning: Incompatible color definition on input line 407.


Package xcolor Warning: Incompatible color definition on input line 407.


Package xcolor Warning: Incompatible color definition on input line 407.


Package xcolor Warning: Incompatible color definition on input line 407.


Package xcolor Warning: Incompatible color definition on input line 407.


Package xcolor Warning: Incompatible color definition on input line 407.


Package xcolor Warning: Incompatible color definition on input line 407.


Package xcolor Warning: Incompatible color definition on input line 407.


Package xcolor Warning: Incompatible color definition on input line 407.


Package xcolor Warning: Incompatible color definition on input line 407.


Package xcolor Warning: Incompatible color definition on input line 411.


Package xcolor Warning: Incompatible color definition on input line 411.


Package xcolor Warning: Incompatible color definition on input line 411.


Package xcolor Warning: Incompatible color definition on input line 411.


Package xcolor Warning: Incompatible color definition on input line 411.


Package xcolor Warning: Incompatible color definition on input line 411.


Package xcolor Warning: Incompatible color definition on input line 411.


Package xcolor Warning: Incompatible color definition on input line 411.


Package xcolor Warning: Incompatible color definition on input line 411.


Package xcolor Warning: Incompatible color definition on input line 411.


Package xcolor Warning: Incompatible color definition on input line 411.


Package xcolor Warning: Incompatible color definition on input line 412.


Package xcolor Warning: Incompatible color definition on input line 412.


Package xcolor Warning: Incompatible color definition on input line 412.


Package xcolor Warning: Incompatible color definition on input line 412.


Package xcolor Warning: Incompatible color definition on input line 412.


Package xcolor Warning: Incompatible color definition on input line 412.


Package xcolor Warning: Incompatible color definition on input line 412.


Package xcolor Warning: Incompatible color definition on input line 412.


Package xcolor Warning: Incompatible color definition on input line 412.


Package xcolor Warning: Incompatible color definition on input line 412.


Package xcolor Warning: Incompatible color definition on input line 412.


Package xcolor Warning: Incompatible color definition on input line 413.


Package xcolor Warning: Incompatible color definition on input line 413.


Package xcolor Warning: Incompatible color definition on input line 413.


Package xcolor Warning: Incompatible color definition on input line 413.


Package xcolor Warning: Incompatible color definition on input line 413.


Package xcolor Warning: Incompatible color definition on input line 413.


Package xcolor Warning: Incompatible color definition on input line 413.


Package xcolor Warning: Incompatible color definition on input line 413.


Package xcolor Warning: Incompatible color definition on input line 413.


Package xcolor Warning: Incompatible color definition on input line 414.


Package xcolor Warning: Incompatible color definition on input line 414.


Package xcolor Warning: Incompatible color definition on input line 414.


Package xcolor Warning: Incompatible color definition on input line 414.


Package xcolor Warning: Incompatible color definition on input line 414.


Package xcolor Warning: Incompatible color definition on input line 414.


Package xcolor Warning: Incompatible color definition on input line 414.


Package xcolor Warning: Incompatible color definition on input line 415.


Package xcolor Warning: Incompatible color definition on input line 415.


Package xcolor Warning: Incompatible color definition on input line 415.


Package xcolor Warning: Incompatible color definition on input line 415.


Package xcolor Warning: Incompatible color definition on input line 416.


Package xcolor Warning: Incompatible color definition on input line 416.


Package xcolor Warning: Incompatible color definition on input line 417.


Package xcolor Warning: Incompatible color definition on input line 417.


Package xcolor Warning: Incompatible color definition on input line 417.


Package xcolor Warning: Incompatible color definition on input line 417.


Package xcolor Warning: Incompatible color definition on input line 418.


Package xcolor Warning: Incompatible color definition on input line 419.


Package xcolor Warning: Incompatible color definition on input line 421.


Package xcolor Warning: Incompatible color definition on input line 421.


Package xcolor Warning: Incompatible color definition on input line 421.


Package xcolor Warning: Incompatible color definition on input line 421.


Package xcolor Warning: Incompatible color definition on input line 422.


Package xcolor Warning: Incompatible color definition on input line 422.


Package xcolor Warning: Incompatible color definition on input line 423.


Package xcolor Warning: Incompatible color definition on input line 423.


Package xcolor Warning: Incompatible color definition on input line 423.


Package xcolor Warning: Incompatible color definition on input line 423.


Package xcolor Warning: Incompatible color definition on input line 423.


Package xcolor Warning: Incompatible color definition on input line 423.


Package xcolor Warning: Incompatible color definition on input line 423.


Package xcolor Warning: Incompatible color definition on input line 425.


Package xcolor Warning: Incompatible color definition on input line 430.

[6

]

Package xcolor Warning: Incompatible color definition on input line 430.


Package xcolor Warning: Incompatible color definition on input line 430.


Package xcolor Warning: Incompatible color definition on input line 431.


Package xcolor Warning: Incompatible color definition on input line 431.


Package xcolor Warning: Incompatible color definition on input line 431.


Package xcolor Warning: Incompatible color definition on input line 432.


Package xcolor Warning: Incompatible color definition on input line 432.


Package xcolor Warning: Incompatible color definition on input line 433.


Package xcolor Warning: Incompatible color definition on input line 434.


Package xcolor Warning: Incompatible color definition on input line 436.


Package xcolor Warning: Incompatible color definition on input line 438.


Package xcolor Warning: Incompatible color definition on input line 438.


Package xcolor Warning: Incompatible color definition on input line 438.


Package xcolor Warning: Incompatible color definition on input line 438.


Package xcolor Warning: Incompatible color definition on input line 438.


Package xcolor Warning: Incompatible color definition on input line 438.


Package xcolor Warning: Incompatible color definition on input line 438.


Package xcolor Warning: Incompatible color definition on input line 438.


Package xcolor Warning: Incompatible color definition on input line 440.


Package xcolor Warning: Incompatible color definition on input line 440.


Package xcolor Warning: Incompatible color definition on input line 441.


Package xcolor Warning: Incompatible color definition on input line 441.


Package xcolor Warning: Incompatible color definition on input line 441.


Package xcolor Warning: Incompatible color definition on input line 441.


Package xcolor Warning: Incompatible color definition on input line 441.


Package xcolor Warning: Incompatible color definition on input line 441.


Package xcolor Warning: Incompatible color definition on input line 441.


Package xcolor Warning: Incompatible color definition on input line 441.


Package xcolor Warning: Incompatible color definition on input line 441.


Overfull \hbox (3.4496pt too wide) in paragraph at lines 441--442
[][][][][][][][][][][][][][][][][][][][][][][][][][][][][][][][][][][][][][][][
] 
 []


Package xcolor Warning: Incompatible color definition on input line 442.


Package xcolor Warning: Incompatible color definition on input line 442.


Package xcolor Warning: Incompatible color definition on input line 442.


Package xcolor Warning: Incompatible color definition on input line 442.


Package xcolor Warning: Incompatible color definition on input line 442.


Package xcolor Warning: Incompatible color definition on input line 442.


Package xcolor Warning: Incompatible color definition on input line 442.


Package xcolor Warning: Incompatible color definition on input line 442.


Package xcolor Warning: Incompatible color definition on input line 442.


Package xcolor Warning: Incompatible color definition on input line 443.


Package xcolor Warning: Incompatible color definition on input line 444.


Package xcolor Warning: Incompatible color definition on input line 444.


Package xcolor Warning: Incompatible color definition on input line 444.


Package xcolor Warning: Incompatible color definition on input line 444.


Package xcolor Warning: Incompatible color definition on input line 456.


Package xcolor Warning: Incompatible color definition on input line 461.


Package xcolor Warning: Incompatible color definition on input line 466.


Package xcolor Warning: Incompatible color definition on input line 471.


Package xcolor Warning: Incompatible color definition on input line 476.


Package xcolor Warning: Incompatible color definition on input line 481.

[7]

Package xcolor Warning: Incompatible color definition on input line 486.


Package xcolor Warning: Incompatible color definition on input line 491.


Package xcolor Warning: Incompatible color definition on input line 499.


Package xcolor Warning: Incompatible color definition on input line 500.


Package xcolor Warning: Incompatible color definition on input line 501.


Package xcolor Warning: Incompatible color definition on input line 503.


Package xcolor Warning: Incompatible color definition on input line 503.


Package xcolor Warning: Incompatible color definition on input line 503.


Package xcolor Warning: Incompatible color definition on input line 503.


Package xcolor Warning: Incompatible color definition on input line 503.


Package xcolor Warning: Incompatible color definition on input line 503.


Package xcolor Warning: Incompatible color definition on input line 503.


Package xcolor Warning: Incompatible color definition on input line 503.


Package xcolor Warning: Incompatible color definition on input line 503.


Overfull \hbox (3.4496pt too wide) in paragraph at lines 503--504
[][][][][][][][][][][][][][][][][][][][][][][][][][][][][][][][][][][][][][][][
][][][][][][][][][][][][][] 
 []


Package xcolor Warning: Incompatible color definition on input line 504.


Package xcolor Warning: Incompatible color definition on input line 504.


Package xcolor Warning: Incompatible color definition on input line 504.


Package xcolor Warning: Incompatible color definition on input line 506.


Package xcolor Warning: Incompatible color definition on input line 506.


Package xcolor Warning: Incompatible color definition on input line 506.


Package xcolor Warning: Incompatible color definition on input line 507.


Package xcolor Warning: Incompatible color definition on input line 507.


Package xcolor Warning: Incompatible color definition on input line 507.


Package xcolor Warning: Incompatible color definition on input line 508.


Package xcolor Warning: Incompatible color definition on input line 508.


Package xcolor Warning: Incompatible color definition on input line 508.


Package xcolor Warning: Incompatible color definition on input line 508.


Package xcolor Warning: Incompatible color definition on input line 510.


Package xcolor Warning: Incompatible color definition on input line 510.


Package xcolor Warning: Incompatible color definition on input line 510.

<histogram.jpg, id=241, 1284.8pt x 803.0pt>
File: histogram.jpg Graphic file (type jpg)
 <use histogram.jpg>
Package pdftex.def Info: histogram.jpg used on input line 518.
(pdftex.def)             Requested size: 234.87749pt x 146.78827pt.
 [8 <./histogram.jpg>]
Underfull \hbox (badness 10000) in paragraph at lines 534--537

 []


Package xcolor Warning: Incompatible color definition on input line 559.


Package xcolor Warning: Incompatible color definition on input line 560.


Package xcolor Warning: Incompatible color definition on input line 561.


Package xcolor Warning: Incompatible color definition on input line 562.


Package xcolor Warning: Incompatible color definition on input line 563.


Package xcolor Warning: Incompatible color definition on input line 563.


Package xcolor Warning: Incompatible color definition on input line 563.


Package xcolor Warning: Incompatible color definition on input line 568.


Package xcolor Warning: Incompatible color definition on input line 569.


Package xcolor Warning: Incompatible color definition on input line 569.


Package xcolor Warning: Incompatible color definition on input line 569.


Package xcolor Warning: Incompatible color definition on input line 569.


Package xcolor Warning: Incompatible color definition on input line 569.


Package xcolor Warning: Incompatible color definition on input line 569.


Package xcolor Warning: Incompatible color definition on input line 569.


Package xcolor Warning: Incompatible color definition on input line 569.


Package xcolor Warning: Incompatible color definition on input line 569.


Package xcolor Warning: Incompatible color definition on input line 569.


Package xcolor Warning: Incompatible color definition on input line 570.


Package xcolor Warning: Incompatible color definition on input line 570.


Package xcolor Warning: Incompatible color definition on input line 571.


Package xcolor Warning: Incompatible color definition on input line 571.


Package xcolor Warning: Incompatible color definition on input line 571.


Package xcolor Warning: Incompatible color definition on input line 572.


Package xcolor Warning: Incompatible color definition on input line 573.


Package xcolor Warning: Incompatible color definition on input line 573.


Package xcolor Warning: Incompatible color definition on input line 574.


Package xcolor Warning: Incompatible color definition on input line 576.


Package xcolor Warning: Incompatible color definition on input line 576.


Package xcolor Warning: Incompatible color definition on input line 576.


Package xcolor Warning: Incompatible color definition on input line 576.


Package xcolor Warning: Incompatible color definition on input line 576.


Package xcolor Warning: Incompatible color definition on input line 576.


Package xcolor Warning: Incompatible color definition on input line 576.


Package xcolor Warning: Incompatible color definition on input line 576.


Package xcolor Warning: Incompatible color definition on input line 576.


Package xcolor Warning: Incompatible color definition on input line 576.


Package xcolor Warning: Incompatible color definition on input line 576.


Package xcolor Warning: Incompatible color definition on input line 576.


Package xcolor Warning: Incompatible color definition on input line 576.


Package xcolor Warning: Incompatible color definition on input line 576.


Package xcolor Warning: Incompatible color definition on input line 577.


Package xcolor Warning: Incompatible color definition on input line 577.


Package xcolor Warning: Incompatible color definition on input line 577.


Package xcolor Warning: Incompatible color definition on input line 577.


Package xcolor Warning: Incompatible color definition on input line 577.


Package xcolor Warning: Incompatible color definition on input line 577.


Package xcolor Warning: Incompatible color definition on input line 577.


Package xcolor Warning: Incompatible color definition on input line 577.


Package xcolor Warning: Incompatible color definition on input line 577.


Package xcolor Warning: Incompatible color definition on input line 577.


Package xcolor Warning: Incompatible color definition on input line 577.


Package xcolor Warning: Incompatible color definition on input line 578.


Package xcolor Warning: Incompatible color definition on input line 578.


Package xcolor Warning: Incompatible color definition on input line 578.


Package xcolor Warning: Incompatible color definition on input line 578.


Package xcolor Warning: Incompatible color definition on input line 578.


Package xcolor Warning: Incompatible color definition on input line 578.


Package xcolor Warning: Incompatible color definition on input line 578.


Package xcolor Warning: Incompatible color definition on input line 578.


Package xcolor Warning: Incompatible color definition on input line 578.


Package xcolor Warning: Incompatible color definition on input line 578.


Package xcolor Warning: Incompatible color definition on input line 578.


Package xcolor Warning: Incompatible color definition on input line 578.


Package xcolor Warning: Incompatible color definition on input line 578.


Package xcolor Warning: Incompatible color definition on input line 578.


Package xcolor Warning: Incompatible color definition on input line 578.


Package xcolor Warning: Incompatible color definition on input line 578.


Package xcolor Warning: Incompatible color definition on input line 579.


Package xcolor Warning: Incompatible color definition on input line 579.


Package xcolor Warning: Incompatible color definition on input line 579.


Package xcolor Warning: Incompatible color definition on input line 579.


Package xcolor Warning: Incompatible color definition on input line 579.


Package xcolor Warning: Incompatible color definition on input line 579.


Package xcolor Warning: Incompatible color definition on input line 579.


Package xcolor Warning: Incompatible color definition on input line 579.


Package xcolor Warning: Incompatible color definition on input line 579.


Package xcolor Warning: Incompatible color definition on input line 579.


Package xcolor Warning: Incompatible color definition on input line 580.


Package xcolor Warning: Incompatible color definition on input line 580.


Package xcolor Warning: Incompatible color definition on input line 580.


Package xcolor Warning: Incompatible color definition on input line 580.


Package xcolor Warning: Incompatible color definition on input line 580.


Package xcolor Warning: Incompatible color definition on input line 580.


Package xcolor Warning: Incompatible color definition on input line 580.


Package xcolor Warning: Incompatible color definition on input line 580.


Package xcolor Warning: Incompatible color definition on input line 582.


Package xcolor Warning: Incompatible color definition on input line 582.


Package xcolor Warning: Incompatible color definition on input line 582.


Package xcolor Warning: Incompatible color definition on input line 582.


Package xcolor Warning: Incompatible color definition on input line 582.


Package xcolor Warning: Incompatible color definition on input line 582.


Package xcolor Warning: Incompatible color definition on input line 582.


Package xcolor Warning: Incompatible color definition on input line 583.


Package xcolor Warning: Incompatible color definition on input line 583.


Package xcolor Warning: Incompatible color definition on input line 583.


Package xcolor Warning: Incompatible color definition on input line 583.


Package xcolor Warning: Incompatible color definition on input line 583.


Package xcolor Warning: Incompatible color definition on input line 583.


Package xcolor Warning: Incompatible color definition on input line 583.


Package xcolor Warning: Incompatible color definition on input line 583.


Package xcolor Warning: Incompatible color definition on input line 585.


Package xcolor Warning: Incompatible color definition on input line 585.


Package xcolor Warning: Incompatible color definition on input line 585.


Package xcolor Warning: Incompatible color definition on input line 587.


Package xcolor Warning: Incompatible color definition on input line 587.


Package xcolor Warning: Incompatible color definition on input line 587.


Package xcolor Warning: Incompatible color definition on input line 587.


Package xcolor Warning: Incompatible color definition on input line 588.


Package xcolor Warning: Incompatible color definition on input line 590.


Package xcolor Warning: Incompatible color definition on input line 590.


Package xcolor Warning: Incompatible color definition on input line 590.


Package xcolor Warning: Incompatible color definition on input line 590.


Package xcolor Warning: Incompatible color definition on input line 590.


Package xcolor Warning: Incompatible color definition on input line 590.


Package xcolor Warning: Incompatible color definition on input line 590.


Package xcolor Warning: Incompatible color definition on input line 590.


Package xcolor Warning: Incompatible color definition on input line 591.


Package xcolor Warning: Incompatible color definition on input line 591.


Package xcolor Warning: Incompatible color definition on input line 591.


Package xcolor Warning: Incompatible color definition on input line 591.


Package xcolor Warning: Incompatible color definition on input line 591.


Package xcolor Warning: Incompatible color definition on input line 591.


Package xcolor Warning: Incompatible color definition on input line 591.


Package xcolor Warning: Incompatible color definition on input line 591.


Package xcolor Warning: Incompatible color definition on input line 591.


Package xcolor Warning: Incompatible color definition on input line 591.


Package xcolor Warning: Incompatible color definition on input line 593.


Package xcolor Warning: Incompatible color definition on input line 593.


Package xcolor Warning: Incompatible color definition on input line 593.

[9

]

Package xcolor Warning: Incompatible color definition on input line 595.


Package xcolor Warning: Incompatible color definition on input line 595.


Package xcolor Warning: Incompatible color definition on input line 595.


Package xcolor Warning: Incompatible color definition on input line 595.


Package xcolor Warning: Incompatible color definition on input line 595.


Package xcolor Warning: Incompatible color definition on input line 595.


Package xcolor Warning: Incompatible color definition on input line 595.


Package xcolor Warning: Incompatible color definition on input line 595.


Package xcolor Warning: Incompatible color definition on input line 595.


Package xcolor Warning: Incompatible color definition on input line 595.


Package xcolor Warning: Incompatible color definition on input line 595.


Package xcolor Warning: Incompatible color definition on input line 595.


Package xcolor Warning: Incompatible color definition on input line 595.


Package xcolor Warning: Incompatible color definition on input line 595.


Package xcolor Warning: Incompatible color definition on input line 597.


Package xcolor Warning: Incompatible color definition on input line 597.


Package xcolor Warning: Incompatible color definition on input line 597.


Package xcolor Warning: Incompatible color definition on input line 597.


Package xcolor Warning: Incompatible color definition on input line 597.


Package xcolor Warning: Incompatible color definition on input line 597.


Package xcolor Warning: Incompatible color definition on input line 598.


Package xcolor Warning: Incompatible color definition on input line 598.


Package xcolor Warning: Incompatible color definition on input line 598.


Package xcolor Warning: Incompatible color definition on input line 598.


Package xcolor Warning: Incompatible color definition on input line 598.


Package xcolor Warning: Incompatible color definition on input line 598.


Package xcolor Warning: Incompatible color definition on input line 598.


Package xcolor Warning: Incompatible color definition on input line 599.


Package xcolor Warning: Incompatible color definition on input line 601.


Package xcolor Warning: Incompatible color definition on input line 603.


Package xcolor Warning: Incompatible color definition on input line 603.


Package xcolor Warning: Incompatible color definition on input line 604.


Package xcolor Warning: Incompatible color definition on input line 604.


Package xcolor Warning: Incompatible color definition on input line 604.


Package xcolor Warning: Incompatible color definition on input line 604.


Package xcolor Warning: Incompatible color definition on input line 604.


Package xcolor Warning: Incompatible color definition on input line 604.


Package xcolor Warning: Incompatible color definition on input line 605.


Package xcolor Warning: Incompatible color definition on input line 607.


Package xcolor Warning: Incompatible color definition on input line 607.


Package xcolor Warning: Incompatible color definition on input line 607.


Package xcolor Warning: Incompatible color definition on input line 607.


Package xcolor Warning: Incompatible color definition on input line 607.


Package xcolor Warning: Incompatible color definition on input line 607.


Package xcolor Warning: Incompatible color definition on input line 608.


Package xcolor Warning: Incompatible color definition on input line 608.


Package xcolor Warning: Incompatible color definition on input line 608.


Package xcolor Warning: Incompatible color definition on input line 608.


Package xcolor Warning: Incompatible color definition on input line 608.


Package xcolor Warning: Incompatible color definition on input line 608.


Package xcolor Warning: Incompatible color definition on input line 608.


Package xcolor Warning: Incompatible color definition on input line 609.


Package xcolor Warning: Incompatible color definition on input line 609.


Package xcolor Warning: Incompatible color definition on input line 609.


Package xcolor Warning: Incompatible color definition on input line 609.


Package xcolor Warning: Incompatible color definition on input line 609.


Package xcolor Warning: Incompatible color definition on input line 609.


Package xcolor Warning: Incompatible color definition on input line 609.


Package xcolor Warning: Incompatible color definition on input line 609.


Package xcolor Warning: Incompatible color definition on input line 611.


Package xcolor Warning: Incompatible color definition on input line 611.


Package xcolor Warning: Incompatible color definition on input line 611.


Package xcolor Warning: Incompatible color definition on input line 611.


Package xcolor Warning: Incompatible color definition on input line 611.


Package xcolor Warning: Incompatible color definition on input line 611.


Package xcolor Warning: Incompatible color definition on input line 611.


Package xcolor Warning: Incompatible color definition on input line 611.


Package xcolor Warning: Incompatible color definition on input line 611.


Package xcolor Warning: Incompatible color definition on input line 612.


Package xcolor Warning: Incompatible color definition on input line 612.


Package xcolor Warning: Incompatible color definition on input line 612.


Package xcolor Warning: Incompatible color definition on input line 612.


Package xcolor Warning: Incompatible color definition on input line 612.


Package xcolor Warning: Incompatible color definition on input line 612.


Package xcolor Warning: Incompatible color definition on input line 613.


Package xcolor Warning: Incompatible color definition on input line 616.


Package xcolor Warning: Incompatible color definition on input line 616.


Package xcolor Warning: Incompatible color definition on input line 617.


Package xcolor Warning: Incompatible color definition on input line 617.


Package xcolor Warning: Incompatible color definition on input line 617.


Package xcolor Warning: Incompatible color definition on input line 617.


Package xcolor Warning: Incompatible color definition on input line 617.


Package xcolor Warning: Incompatible color definition on input line 617.


Package xcolor Warning: Incompatible color definition on input line 618.

[10]
No file Assignment2.bbl.

AED: lastpage setting LastPage
Package atveryend Info: Empty hook `BeforeClearDocument' on input line 635.
Package atveryend Info: Empty hook `AfterLastShipout' on input line 635.
(./Assignment2.aux)
Package atveryend Info: Executing hook `AtVeryEndDocument' on input line 635.
Package atveryend Info: Executing hook `AtEndAfterFileList' on input line 635.
Package rerunfilecheck Info: File `Assignment2.out' has not changed.
(rerunfilecheck)             Checksum: C2DB0423A20337B961460E1283264A9D;135.
Package atveryend Info: Empty hook `AtVeryVeryEnd' on input line 635.
 )
(\end occurred inside a group at level 1)

### simple group (level 1) entered at line 1061 ({)
### bottom level 
Here is how much of TeX's memory you used:
 21007 strings out of 492995
 378402 string characters out of 6132704
 602922 words of memory out of 5000000
 23926 multiletter control sequences out of 15000+600000
 17513 words of font info for 41 fonts, out of 8000000 for 9000
 1141 hyphenation exceptions out of 8191
 55i,12n,54p,392b,13137s stack positions out of 5000i,500n,10000p,200000b,80000s
{/usr/local/texlive/2017/texmf-dist/fonts/enc/dvips/base/8r.enc
}{/usr/local/texlive/2017/texmf-dist/fonts/enc/dvips/cm-super/cm-super-t1.enc}<
/usr/local/texlive/2017/texmf-dist/fonts/type1/public/cm-super/sfbx0900.pfb></u
sr/local/texlive/2017/texmf-dist/fonts/type1/public/cm-super/sfbx1000.pfb></usr
/local/texlive/2017/texmf-dist/fonts/type1/public/cm-super/sfbx1200.pfb></usr/l
ocal/texlive/2017/texmf-dist/fonts/type1/public/cm-super/sfbx1440.pfb></usr/loc
al/texlive/2017/texmf-dist/fonts/type1/public/cm-super/sfbx1728.pfb></usr/local
/texlive/2017/texmf-dist/fonts/type1/public/cm-super/sfrm0500.pfb></usr/local/t
exlive/2017/texmf-dist/fonts/type1/public/cm-super/sfrm1000.pfb></usr/local/tex
live/2017/texmf-dist/fonts/type1/public/cm-super/sfrm1200.pfb></usr/local/texli
ve/2017/texmf-dist/fonts/type1/public/cm-super/sfti1200.pfb></usr/local/texlive
/2017/texmf-dist/fonts/type1/urw/courier/ucrr8a.pfb></usr/local/texlive/2017/te
xmf-dist/fonts/type1/urw/courier/ucrro8a.pfb>
Output written on Assignment2.pdf (10 pages, 291424 bytes).
PDF statistics:
 447 PDF objects out of 1000 (max. 8388607)
 417 compressed objects within 5 object streams
 273 named destinations out of 1000 (max. 500000)
 42 words of extra memory for PDF output out of 10000 (max. 10000000)

